This is pdfTeX, Version 3.1415926-2.3-1.40.12 (MiKTeX 2.9 64-bit) (preloaded format=pdflatex 2012.9.8)  6 JUN 2013 21:20
entering extended mode
**report.tex
("C:\Users\lz7\Documents\GitHub\WordHunter\Project Report\report.tex"
LaTeX2e <2011/06/27>
Babel <v3.8m> and hyphenation patterns for english, afrikaans, ancientgreek, ar
abic, armenian, assamese, basque, bengali, bokmal, bulgarian, catalan, coptic, 
croatian, czech, danish, dutch, esperanto, estonian, farsi, finnish, french, ga
lician, german, german-x-2009-06-19, greek, gujarati, hindi, hungarian, iceland
ic, indonesian, interlingua, irish, italian, kannada, kurmanji, lao, latin, lat
vian, lithuanian, malayalam, marathi, mongolian, mongolianlmc, monogreek, ngerm
an, ngerman-x-2009-06-19, nynorsk, oriya, panjabi, pinyin, polish, portuguese, 
romanian, russian, sanskrit, serbian, slovak, slovenian, spanish, swedish, swis
sgerman, tamil, telugu, turkish, turkmen, ukenglish, ukrainian, uppersorbian, u
senglishmax, welsh, loaded.
(C:\Users\lz7\AppData\Roaming\MiKTeX\2.9\tex\latex\ieeetran\IEEEtran.cls
Document Class: IEEEtran 2012/12/27 V1.8 by Michael Shell
-- See the "IEEEtran_HOWTO" manual for usage information.
-- http://www.michaelshell.org/tex/ieeetran/
\@IEEEtrantmpdimenA=\dimen102
\@IEEEtrantmpdimenB=\dimen103
\@IEEEtrantmpcountA=\count79
\@IEEEtrantmpcountB=\count80
\@IEEEtrantmptoksA=\toks14
LaTeX Font Info:    Try loading font information for OT1+ptm on input line 368.

("C:\Program Files\MiKTeX 2.9\tex\latex\psnfss\ot1ptm.fd"
File: ot1ptm.fd 2001/06/04 font definitions for OT1/ptm.
)
-- Using 8.5in x 11in (letter) paper.
-- Using PDF output.
\@IEEEnormalsizeunitybaselineskip=\dimen104
-- This is a 10 point document.
\CLASSINFOnormalsizebaselineskip=\dimen105
\CLASSINFOnormalsizeunitybaselineskip=\dimen106
\IEEEnormaljot=\dimen107
LaTeX Font Info:    Font shape `OT1/ptm/bx/n' in size <5> not available
(Font)              Font shape `OT1/ptm/b/n' tried instead on input line 726.
LaTeX Font Info:    Font shape `OT1/ptm/bx/it' in size <5> not available
(Font)              Font shape `OT1/ptm/b/it' tried instead on input line 726.
LaTeX Font Info:    Font shape `OT1/ptm/bx/n' in size <7> not available
(Font)              Font shape `OT1/ptm/b/n' tried instead on input line 726.
LaTeX Font Info:    Font shape `OT1/ptm/bx/it' in size <7> not available
(Font)              Font shape `OT1/ptm/b/it' tried instead on input line 726.
LaTeX Font Info:    Font shape `OT1/ptm/bx/n' in size <8> not available
(Font)              Font shape `OT1/ptm/b/n' tried instead on input line 726.
LaTeX Font Info:    Font shape `OT1/ptm/bx/it' in size <8> not available
(Font)              Font shape `OT1/ptm/b/it' tried instead on input line 726.
LaTeX Font Info:    Font shape `OT1/ptm/bx/n' in size <9> not available
(Font)              Font shape `OT1/ptm/b/n' tried instead on input line 726.
LaTeX Font Info:    Font shape `OT1/ptm/bx/it' in size <9> not available
(Font)              Font shape `OT1/ptm/b/it' tried instead on input line 726.
LaTeX Font Info:    Font shape `OT1/ptm/bx/n' in size <10> not available
(Font)              Font shape `OT1/ptm/b/n' tried instead on input line 726.
LaTeX Font Info:    Font shape `OT1/ptm/bx/it' in size <10> not available
(Font)              Font shape `OT1/ptm/b/it' tried instead on input line 726.
LaTeX Font Info:    Font shape `OT1/ptm/bx/n' in size <11> not available
(Font)              Font shape `OT1/ptm/b/n' tried instead on input line 726.
LaTeX Font Info:    Font shape `OT1/ptm/bx/it' in size <11> not available
(Font)              Font shape `OT1/ptm/b/it' tried instead on input line 726.
LaTeX Font Info:    Font shape `OT1/ptm/bx/n' in size <12> not available
(Font)              Font shape `OT1/ptm/b/n' tried instead on input line 726.
LaTeX Font Info:    Font shape `OT1/ptm/bx/it' in size <12> not available
(Font)              Font shape `OT1/ptm/b/it' tried instead on input line 726.
LaTeX Font Info:    Font shape `OT1/ptm/bx/n' in size <17> not available
(Font)              Font shape `OT1/ptm/b/n' tried instead on input line 726.
LaTeX Font Info:    Font shape `OT1/ptm/bx/it' in size <17> not available
(Font)              Font shape `OT1/ptm/b/it' tried instead on input line 726.
LaTeX Font Info:    Font shape `OT1/ptm/bx/n' in size <20> not available
(Font)              Font shape `OT1/ptm/b/n' tried instead on input line 726.
LaTeX Font Info:    Font shape `OT1/ptm/bx/it' in size <20> not available
(Font)              Font shape `OT1/ptm/b/it' tried instead on input line 726.
LaTeX Font Info:    Font shape `OT1/ptm/bx/n' in size <24> not available
(Font)              Font shape `OT1/ptm/b/n' tried instead on input line 726.
LaTeX Font Info:    Font shape `OT1/ptm/bx/it' in size <24> not available
(Font)              Font shape `OT1/ptm/b/it' tried instead on input line 726.
\IEEEilabelindentA=\dimen108
\IEEEilabelindentB=\dimen109
\IEEEilabelindent=\dimen110
\IEEEelabelindent=\dimen111
\IEEEdlabelindent=\dimen112
\IEEElabelindent=\dimen113
\IEEEiednormlabelsep=\dimen114
\IEEEiedmathlabelsep=\dimen115
\IEEEiedtopsep=\skip41
\c@section=\count81
\c@subsection=\count82
\c@subsubsection=\count83
\c@paragraph=\count84
\c@IEEEsubequation=\count85
\abovecaptionskip=\skip42
\belowcaptionskip=\skip43
\c@figure=\count86
\c@table=\count87
\@IEEEeqnnumcols=\count88
\@IEEEeqncolcnt=\count89
\@IEEEsubeqnnumrollback=\count90
\@IEEEtmpitemindent=\dimen116
\c@IEEEbiography=\count91
\@IEEEtranrubishbin=\box26
) ("C:\Program Files\MiKTeX 2.9\tex\latex\graphics\graphicx.sty"
Package: graphicx 1999/02/16 v1.0f Enhanced LaTeX Graphics (DPC,SPQR)

("C:\Program Files\MiKTeX 2.9\tex\latex\graphics\keyval.sty"
Package: keyval 1999/03/16 v1.13 key=value parser (DPC)
\KV@toks@=\toks15
)
("C:\Program Files\MiKTeX 2.9\tex\latex\graphics\graphics.sty"
Package: graphics 2009/02/05 v1.0o Standard LaTeX Graphics (DPC,SPQR)

("C:\Program Files\MiKTeX 2.9\tex\latex\graphics\trig.sty"
Package: trig 1999/03/16 v1.09 sin cos tan (DPC)
)
("C:\Program Files\MiKTeX 2.9\tex\latex\00miktex\graphics.cfg"
File: graphics.cfg 2007/01/18 v1.5 graphics configuration of teTeX/TeXLive
)
Package graphics Info: Driver file: pdftex.def on input line 91.

("C:\Program Files\MiKTeX 2.9\tex\latex\pdftex-def\pdftex.def"
File: pdftex.def 2011/05/27 v0.06d Graphics/color for pdfTeX

("C:\Program Files\MiKTeX 2.9\tex\generic\oberdiek\infwarerr.sty"
Package: infwarerr 2010/04/08 v1.3 Providing info/warning/error messages (HO)
)
("C:\Program Files\MiKTeX 2.9\tex\generic\oberdiek\ltxcmds.sty"
Package: ltxcmds 2011/11/09 v1.22 LaTeX kernel commands for general use (HO)
)
\Gread@gobject=\count92
))
\Gin@req@height=\dimen117
\Gin@req@width=\dimen118
)
(C:\Users\lz7\AppData\Roaming\MiKTeX\2.9\tex\latex\natbib\natbib.sty
Package: natbib 2010/09/13 8.31b (PWD, AO)
\bibhang=\skip44
\bibsep=\skip45
LaTeX Info: Redefining \cite on input line 694.
\c@NAT@ctr=\count93
)
("C:\Users\lz7\Documents\GitHub\WordHunter\Project Report\report.aux")
LaTeX Font Info:    Checking defaults for OML/cmm/m/it on input line 4.
LaTeX Font Info:    ... okay on input line 4.
LaTeX Font Info:    Checking defaults for T1/cmr/m/n on input line 4.
LaTeX Font Info:    ... okay on input line 4.
LaTeX Font Info:    Checking defaults for OT1/cmr/m/n on input line 4.
LaTeX Font Info:    ... okay on input line 4.
LaTeX Font Info:    Checking defaults for OMS/cmsy/m/n on input line 4.
LaTeX Font Info:    ... okay on input line 4.
LaTeX Font Info:    Checking defaults for OMX/cmex/m/n on input line 4.
LaTeX Font Info:    ... okay on input line 4.
LaTeX Font Info:    Checking defaults for U/cmr/m/n on input line 4.
LaTeX Font Info:    ... okay on input line 4.

(C:\Users\lz7\AppData\Roaming\MiKTeX\2.9\tex\context\base\supp-pdf.mkii
[Loading MPS to PDF converter (version 2006.09.02).]
\scratchcounter=\count94
\scratchdimen=\dimen119
\scratchbox=\box27
\nofMPsegments=\count95
\nofMParguments=\count96
\everyMPshowfont=\toks16
\MPscratchCnt=\count97
\MPscratchDim=\dimen120
\MPnumerator=\count98
\makeMPintoPDFobject=\count99
\everyMPtoPDFconversion=\toks17
)
Underfull \hbox (badness 10000) in paragraph at lines 21--22

 []

<demo_no_skew.jpg, id=1, 2457.18pt x 3276.24pt>
File: demo_no_skew.jpg Graphic file (type jpg)
 <use demo_no_skew.jpg>
Package pdftex.def Info: demo_no_skew.jpg used on input line 25.
(pdftex.def)             Requested size: 184.28055pt x 245.7074pt.
LaTeX Font Info:    External font `cmex10' loaded for size
(Font)              <7> on input line 32.
LaTeX Font Info:    External font `cmex10' loaded for size
(Font)              <5> on input line 32.


Package natbib Warning: Citation `Matas' on page 1 undefined on input line 32.

<test261.jpg, id=2, 1284.8pt x 963.6pt>
File: test261.jpg Graphic file (type jpg)
 <use test261.jpg>
Package pdftex.def Info: test261.jpg used on input line 40.
(pdftex.def)             Requested size: 192.71169pt x 144.53375pt.

<src_image.jpg, id=3, 1284.8pt x 963.6pt>
File: src_image.jpg Graphic file (type jpg)
 <use src_image.jpg>
Package pdftex.def Info: src_image.jpg used on input line 47.
(pdftex.def)             Requested size: 192.71169pt x 144.53375pt.


Package natbib Warning: Citation `Tsai' on page 1 undefined on input line 54.

[1{C:/Users/lz7/AppData/Local/MiKTeX/2.9/pdftex/config/pdftex.map}


 <C:/Users/lz7/Documents/GitHub/WordHunter/Project Report/demo_no_skew.jpg>]
<deskewedImage.jpg, id=12, 2312.64pt x 1734.48pt>
File: deskewedImage.jpg Graphic file (type jpg)
 <use deskewedImage.jpg>
Package pdftex.def Info: deskewedImage.jpg used on input line 62.
(pdftex.def)             Requested size: 231.27754pt x 173.45816pt.

<letter_with_bounding_box.jpg, id=13, 2312.64pt x 1734.48pt>
File: letter_with_bounding_box.jpg Graphic file (type jpg)

<use letter_with_bounding_box.jpg>
Package pdftex.def Info: letter_with_bounding_box.jpg used on input line 79.
(pdftex.def)             Requested size: 231.27754pt x 173.45816pt.


Package natbib Warning: Citation `Hampapur' on page 2 undefined on input line 8
6.

[2 <C:/Users/lz7/Documents/GitHub/WordHunter/Project Report/test261.jpg> <C:/Us
ers/lz7/Documents/GitHub/WordHunter/Project Report/src_image.jpg> <C:/Users/lz7
/Documents/GitHub/WordHunter/Project Report/deskewedImage.jpg> <C:/Users/lz7/Do
cuments/GitHub/WordHunter/Project Report/letter_with_bounding_box.jpg>]
<word_with_bounding_box.jpg, id=17, 2312.64pt x 1734.48pt>
File: word_with_bounding_box.jpg Graphic file (type jpg)

<use word_with_bounding_box.jpg>
Package pdftex.def Info: word_with_bounding_box.jpg used on input line 113.
(pdftex.def)             Requested size: 231.27754pt x 173.45816pt.

<bb_mask_inv_cropped.jpg, id=18, 1284.8pt x 963.6pt>
File: bb_mask_inv_cropped.jpg Graphic file (type jpg)

<use bb_mask_inv_cropped.jpg>
Package pdftex.def Info: bb_mask_inv_cropped.jpg used on input line 129.
(pdftex.def)             Requested size: 192.71169pt x 144.53375pt.
 <result_image.jpg, id=19, 1284.8pt x 963.6pt>
File: result_image.jpg Graphic file (type jpg)

<use result_image.jpg>
Package pdftex.def Info: result_image.jpg used on input line 136.
(pdftex.def)             Requested size: 192.71169pt x 144.53375pt.
 [3 <C:/Users/lz7/Documents/GitHub/WordHunter/Project Report/word_with_bounding
_box.jpg>]
<server_client_connection.jpg, id=27, 1806.75pt x 1293.83376pt>
File: server_client_connection.jpg Graphic file (type jpg)

<use server_client_connection.jpg>
Package pdftex.def Info: server_client_connection.jpg used on input line 150.
(pdftex.def)             Requested size: 271.00081pt x 194.06668pt.

Overfull \hbox (19.00081pt too wide) in paragraph at lines 150--151
 [] 
 []

[4 <C:/Users/lz7/Documents/GitHub/WordHunter/Project Report/bb_mask_inv_cropped
.jpg> <C:/Users/lz7/Documents/GitHub/WordHunter/Project Report/result_image.jpg
> <C:/Users/lz7/Documents/GitHub/WordHunter/Project Report/server_client_connec
tion.jpg>] <accuracy_by_length.jpg, id=31, 948.54375pt x 531.9875pt>
File: accuracy_by_length.jpg Graphic file (type jpg)

<use accuracy_by_length.jpg>
Package pdftex.def Info: accuracy_by_length.jpg used on input line 167.
(pdftex.def)             Requested size: 237.13535pt x 132.99655pt.

<accuracy_by_angle.jpg, id=32, 948.54375pt x 533.995pt>
File: accuracy_by_angle.jpg Graphic file (type jpg)

<use accuracy_by_angle.jpg>
Package pdftex.def Info: accuracy_by_angle.jpg used on input line 174.
(pdftex.def)             Requested size: 237.13535pt x 133.49841pt.


** Conference Paper **
Before submitting the final camera ready copy, remember to:

 1. Manually equalize the lengths of two columns on the last page
 of your paper;

 2. Ensure that any PostScript and/or PDF output post-processing
 uses only Type 1 fonts and that every step in the generation
 process uses the appropriate paper size.


Package natbib Warning: There were undefined citations.

[5 <C:/Users/lz7/Documents/GitHub/WordHunter/Project Report/accuracy_by_length.
jpg> <C:/Users/lz7/Documents/GitHub/WordHunter/Project Report/accuracy_by_angle
.jpg>] ("C:\Users\lz7\Documents\GitHub\WordHunter\Project Report\report.aux"

Package natbib Warning: Citation(s) may have changed.
(natbib)                Rerun to get citations correct.

)

LaTeX Warning: Label(s) may have changed. Rerun to get cross-references right.

 ) 
Here is how much of TeX's memory you used:
 2220 strings out of 494045
 34198 string characters out of 3148394
 94065 words of memory out of 3000000
 5536 multiletter control sequences out of 15000+200000
 34114 words of font info for 63 fonts, out of 3000000 for 9000
 715 hyphenation exceptions out of 8191
 27i,8n,23p,1245b,240s stack positions out of 5000i,500n,10000p,200000b,50000s
{C:/Program Files/MiKTeX 2.9/fonts/enc/dvips/fontname/8r.enc}<C:/Program File
s/MiKTeX 2.9/fonts/type1/public/amsfonts/cm/cmmi10.pfb><C:/Program Files/MiKTeX
 2.9/fonts/type1/public/amsfonts/cm/cmr10.pfb><C:/Program Files/MiKTeX 2.9/font
s/type1/public/amsfonts/cm/cmsy10.pfb><C:/Program Files/MiKTeX 2.9/fonts/type1/
public/amsfonts/cm/cmsy7.pfb><C:/Program Files/MiKTeX 2.9/fonts/type1/urw/times
/utmb8a.pfb><C:/Program Files/MiKTeX 2.9/fonts/type1/urw/times/utmbi8a.pfb><C:/
Program Files/MiKTeX 2.9/fonts/type1/urw/times/utmr8a.pfb><C:/Program Files/MiK
TeX 2.9/fonts/type1/urw/times/utmri8a.pfb>
Output written on report.pdf (5 pages, 5705866 bytes).
PDF statistics:
 62 PDF objects out of 1000 (max. 8388607)
 0 named destinations out of 1000 (max. 500000)
 56 words of extra memory for PDF output out of 10000 (max. 10000000)

